This is pdfTeX, Version 3.141592653-2.6-1.40.24 (TeX Live 2022) (preloaded format=pdflatex 2023.2.24)  28 FEB 2023 19:05
entering extended mode
 restricted \write18 enabled.
 file:line:error style messages enabled.
 %&-line parsing enabled.
**c:/Users/23767/LaTeX/è®¡ç®—æœºç»„æˆï¼šè½¯ç¡¬ä»¶æ¥å£/PCO.tex
(c:/Users/23767/LaTeX/è®¡ç®—æœºç»„æˆï¼šè½¯ç¡¬ä»¶æ¥å£/PCO.tex
LaTeX2e <2021-11-15> patch level 1
L3 programming layer <2022-02-24>

c:/Users/23767/LaTeX/è®¡ç®—æœºç»„æˆï¼šè½¯ç¡¬ä»¶æ¥å£/PCO.tex:1: LaTeX Error: \usepackage before \documentclass.

See the LaTeX manual or LaTeX Companion for explanation.
Type  H <return>  for immediate help.
 ...                                              
                                                  
l.1 \usepackage{
                xcolor}
\usepackage may only appear in the document preamble, i.e.,
between \documentclass and \begin{document}.


c:/Users/23767/LaTeX/è®¡ç®—æœºç»„æˆï¼šè½¯ç¡¬ä»¶æ¥å£/PCO.tex:2: LaTeX Error: \usepackage before \documentclass.

See the LaTeX manual or LaTeX Companion for explanation.
Type  H <return>  for immediate help.
 ...                                              
                                                  
l.2 \usepackage{
                listings}
\usepackage may only appear in the document preamble, i.e.,
between \documentclass and \begin{document}.


c:/Users/23767/LaTeX/è®¡ç®—æœºç»„æˆï¼šè½¯ç¡¬ä»¶æ¥å£/PCO.tex:3: LaTeX Error: \usepackage before \documentclass.

See the LaTeX manual or LaTeX Companion for explanation.
Type  H <return>  for immediate help.
 ...                                              
                                                  
l.3 \usepackage{
                amsmath}
\usepackage may only appear in the document preamble, i.e.,
between \documentclass and \begin{document}.

c:/Users/23767/LaTeX/è®¡ç®—æœºç»„æˆï¼šè½¯ç¡¬ä»¶æ¥å£/PCO.tex:4: Undefined control sequence.
l.4 \lstset
           {basicstyle=\ttfamily\small} % è®¾ç½®å­—ä½“æ ·å¼ % è®¾ç½®è¯­è¨€
The control sequence at the end of the top line
of your error message was never \def'ed. If you have
misspelled it (e.g., `\hobx'), type `I' and the correct
spelling (e.g., `I\hbox'). Otherwise just continue,
and I'll forget about whatever was undefined.


c:/Users/23767/LaTeX/è®¡ç®—æœºç»„æˆï¼šè½¯ç¡¬ä»¶æ¥å£/PCO.tex:4: LaTeX Error: Missing \begin{document}.

See the LaTeX manual or LaTeX Companion for explanation.
Type  H <return>  for immediate help.
 ...                                              
                                                  
l.4 \lstset{b
             asicstyle=\ttfamily\small} % è®¾ç½®å­—ä½“æ ·å¼ % è®¾ç½®è¯­è¨€
You're in trouble here.  Try typing  <return>  to proceed.
If that doesn't work, type  X <return>  to quit.

Missing character: There is no b in font nullfont!
Missing character: There is no a in font nullfont!
Missing character: There is no s in font nullfont!
Missing character: There is no i in font nullfont!
Missing character: There is no c in font nullfont!
Missing character: There is no s in font nullfont!
Missing character: There is no t in font nullfont!
Missing character: There is no y in font nullfont!
Missing character: There is no l in font nullfont!
Missing character: There is no e in font nullfont!
Missing character: There is no = in font nullfont!
c:/Users/23767/LaTeX/è®¡ç®—æœºç»„æˆï¼šè½¯ç¡¬ä»¶æ¥å£/PCO.tex:4: Undefined control sequence.
l.4 \lstset{basicstyle=\ttfamily\small
                                      } % è®¾ç½®å­—ä½“æ ·å¼ % è®¾ç½®è¯­è¨€
The control sequence at the end of the top line
of your error message was never \def'ed. If you have
misspelled it (e.g., `\hobx'), type `I' and the correct
spelling (e.g., `I\hbox'). Otherwise just continue,
and I'll forget about whatever was undefined.

c:/Users/23767/LaTeX/è®¡ç®—æœºç»„æˆï¼šè½¯ç¡¬ä»¶æ¥å£/PCO.tex:5: Undefined control sequence.
l.5 \lstset
           {
The control sequence at the end of the top line
of your error message was never \def'ed. If you have
misspelled it (e.g., `\hobx'), type `I' and the correct
spelling (e.g., `I\hbox'). Otherwise just continue,
and I'll forget about whatever was undefined.

Missing character: There is no n in font nullfont!
Missing character: There is no u in font nullfont!
Missing character: There is no m in font nullfont!
Missing character: There is no b in font nullfont!
Missing character: There is no e in font nullfont!
Missing character: There is no r in font nullfont!
Missing character: There is no s in font nullfont!
Missing character: There is no = in font nullfont!
Missing character: There is no l in font nullfont!
Missing character: There is no e in font nullfont!
Missing character: There is no f in font nullfont!
Missing character: There is no t in font nullfont!
Missing character: There is no , in font nullfont!
Missing character: There is no n in font nullfont!
Missing character: There is no u in font nullfont!
Missing character: There is no m in font nullfont!
Missing character: There is no b in font nullfont!
Missing character: There is no e in font nullfont!
Missing character: There is no r in font nullfont!
Missing character: There is no s in font nullfont!
Missing character: There is no t in font nullfont!
Missing character: There is no y in font nullfont!
Missing character: There is no l in font nullfont!
Missing character: There is no e in font nullfont!
Missing character: There is no = in font nullfont!
c:/Users/23767/LaTeX/è®¡ç®—æœºç»„æˆï¼šè½¯ç¡¬ä»¶æ¥å£/PCO.tex:7: Undefined control sequence.
l.7     numberstyle= \tiny
                          ,
The control sequence at the end of the top line
of your error message was never \def'ed. If you have
misspelled it (e.g., `\hobx'), type `I' and the correct
spelling (e.g., `I\hbox'). Otherwise just continue,
and I'll forget about whatever was undefined.

Missing character: There is no , in font nullfont!
Missing character: There is no k in font nullfont!
Missing character: There is no e in font nullfont!
Missing character: There is no y in font nullfont!
Missing character: There is no w in font nullfont!
Missing character: There is no o in font nullfont!
Missing character: There is no r in font nullfont!
Missing character: There is no d in font nullfont!
Missing character: There is no s in font nullfont!
Missing character: There is no t in font nullfont!
Missing character: There is no y in font nullfont!
Missing character: There is no l in font nullfont!
Missing character: There is no e in font nullfont!
Missing character: There is no = in font nullfont!
c:/Users/23767/LaTeX/è®¡ç®—æœºç»„æˆï¼šè½¯ç¡¬ä»¶æ¥å£/PCO.tex:8: Undefined control sequence.
l.8     keywordstyle= \color
                            { blue!70},
The control sequence at the end of the top line
of your error message was never \def'ed. If you have
misspelled it (e.g., `\hobx'), type `I' and the correct
spelling (e.g., `I\hbox'). Otherwise just continue,
and I'll forget about whatever was undefined.

Missing character: There is no b in font nullfont!
Missing character: There is no l in font nullfont!
Missing character: There is no u in font nullfont!
Missing character: There is no e in font nullfont!
Missing character: There is no ! in font nullfont!
Missing character: There is no 7 in font nullfont!
Missing character: There is no 0 in font nullfont!
Missing character: There is no , in font nullfont!
Missing character: There is no b in font nullfont!
Missing character: There is no a in font nullfont!
Missing character: There is no c in font nullfont!
Missing character: There is no k in font nullfont!
Missing character: There is no g in font nullfont!
Missing character: There is no r in font nullfont!
Missing character: There is no o in font nullfont!
Missing character: There is no u in font nullfont!
Missing character: There is no n in font nullfont!
Missing character: There is no d in font nullfont!
Missing character: There is no c in font nullfont!
Missing character: There is no o in font nullfont!
Missing character: There is no l in font nullfont!
Missing character: There is no o in font nullfont!
Missing character: There is no r in font nullfont!
Missing character: There is no = in font nullfont!
c:/Users/23767/LaTeX/è®¡ç®—æœºç»„æˆï¼šè½¯ç¡¬ä»¶æ¥å£/PCO.tex:9: Undefined control sequence.
l.9     backgroundcolor= \color
                               {white}, % èƒŒæ™¯é¢œè‰²
The control sequence at the end of the top line
of your error message was never \def'ed. If you have
misspelled it (e.g., `\hobx'), type `I' and the correct
spelling (e.g., `I\hbox'). Otherwise just continue,
and I'll forget about whatever was undefined.

Missing character: There is no w in font nullfont!
Missing character: There is no h in font nullfont!
Missing character: There is no i in font nullfont!
Missing character: There is no t in font nullfont!
Missing character: There is no e in font nullfont!
Missing character: There is no , in font nullfont!
Missing character: There is no f in font nullfont!
Missing character: There is no r in font nullfont!
Missing character: There is no a in font nullfont!
Missing character: There is no m in font nullfont!
Missing character: There is no e in font nullfont!
Missing character: There is no = in font nullfont!
Missing character: There is no s in font nullfont!
Missing character: There is no h in font nullfont!
Missing character: There is no a in font nullfont!
Missing character: There is no d in font nullfont!
Missing character: There is no o in font nullfont!
Missing character: There is no w in font nullfont!
Missing character: There is no b in font nullfont!
Missing character: There is no o in font nullfont!
Missing character: There is no x in font nullfont!
Missing character: There is no , in font nullfont!
Missing character: There is no r in font nullfont!
Missing character: There is no u in font nullfont!
Missing character: There is no l in font nullfont!
Missing character: There is no e in font nullfont!
Missing character: There is no s in font nullfont!
Missing character: There is no e in font nullfont!
Missing character: There is no p in font nullfont!
Missing character: There is no c in font nullfont!
Missing character: There is no o in font nullfont!
Missing character: There is no l in font nullfont!
Missing character: There is no o in font nullfont!
Missing character: There is no r in font nullfont!
Missing character: There is no = in font nullfont!
c:/Users/23767/LaTeX/è®¡ç®—æœºç»„æˆï¼šè½¯ç¡¬ä»¶æ¥å£/PCO.tex:11: Undefined control sequence.
l.11     rulesepcolor= \color
                             { red!20!green!20!blue!20},
The control sequence at the end of the top line
of your error message was never \def'ed. If you have
misspelled it (e.g., `\hobx'), type `I' and the correct
spelling (e.g., `I\hbox'). Otherwise just continue,
and I'll forget about whatever was undefined.

Missing character: There is no r in font nullfont!
Missing character: There is no e in font nullfont!
Missing character: There is no d in font nullfont!
Missing character: There is no ! in font nullfont!
Missing character: There is no 2 in font nullfont!
Missing character: There is no 0 in font nullfont!
Missing character: There is no ! in font nullfont!
Missing character: There is no g in font nullfont!
Missing character: There is no r in font nullfont!
Missing character: There is no e in font nullfont!
Missing character: There is no e in font nullfont!
Missing character: There is no n in font nullfont!
Missing character: There is no ! in font nullfont!
Missing character: There is no 2 in font nullfont!
Missing character: There is no 0 in font nullfont!
Missing character: There is no ! in font nullfont!
Missing character: There is no b in font nullfont!
Missing character: There is no l in font nullfont!
Missing character: There is no u in font nullfont!
Missing character: There is no e in font nullfont!
Missing character: There is no ! in font nullfont!
Missing character: There is no 2 in font nullfont!
Missing character: There is no 0 in font nullfont!
Missing character: There is no , in font nullfont!
Missing character: There is no s in font nullfont!
Missing character: There is no t in font nullfont!
Missing character: There is no r in font nullfont!
Missing character: There is no i in font nullfont!
Missing character: There is no n in font nullfont!
Missing character: There is no g in font nullfont!
Missing character: There is no s in font nullfont!
Missing character: There is no t in font nullfont!
Missing character: There is no y in font nullfont!
Missing character: There is no l in font nullfont!
Missing character: There is no e in font nullfont!
Missing character: There is no = in font nullfont!
c:/Users/23767/LaTeX/è®¡ç®—æœºç»„æˆï¼šè½¯ç¡¬ä»¶æ¥å£/PCO.tex:12: Undefined control sequence.
l.12     stringstyle= \color
                            {red!50!green!50!blue!50},
The control sequence at the end of the top line
of your error message was never \def'ed. If you have
misspelled it (e.g., `\hobx'), type `I' and the correct
spelling (e.g., `I\hbox'). Otherwise just continue,
and I'll forget about whatever was undefined.

Missing character: There is no r in font nullfont!
Missing character: There is no e in font nullfont!
Missing character: There is no d in font nullfont!
Missing character: There is no ! in font nullfont!
Missing character: There is no 5 in font nullfont!
Missing character: There is no 0 in font nullfont!
Missing character: There is no ! in font nullfont!
Missing character: There is no g in font nullfont!
Missing character: There is no r in font nullfont!
Missing character: There is no e in font nullfont!
Missing character: There is no e in font nullfont!
Missing character: There is no n in font nullfont!
Missing character: There is no ! in font nullfont!
Missing character: There is no 5 in font nullfont!
Missing character: There is no 0 in font nullfont!
Missing character: There is no ! in font nullfont!
Missing character: There is no b in font nullfont!
Missing character: There is no l in font nullfont!
Missing character: There is no u in font nullfont!
Missing character: There is no e in font nullfont!
Missing character: There is no ! in font nullfont!
Missing character: There is no 5 in font nullfont!
Missing character: There is no 0 in font nullfont!
Missing character: There is no , in font nullfont!
Missing character: There is no e in font nullfont!
Missing character: There is no s in font nullfont!
Missing character: There is no c in font nullfont!
Missing character: There is no a in font nullfont!
Missing character: There is no p in font nullfont!
Missing character: There is no e in font nullfont!
Missing character: There is no i in font nullfont!
Missing character: There is no n in font nullfont!
Missing character: There is no s in font nullfont!
Missing character: There is no i in font nullfont!
Missing character: There is no d in font nullfont!
Missing character: There is no e in font nullfont!
Missing character: There is no = in font nullfont!
Missing character: There is no ` in font nullfont!
Missing character: There is no ` in font nullfont!
Missing character: There is no , in font nullfont!
Missing character: There is no x in font nullfont!
Missing character: There is no l in font nullfont!
Missing character: There is no e in font nullfont!
Missing character: There is no f in font nullfont!
Missing character: There is no t in font nullfont!
Missing character: There is no m in font nullfont!
Missing character: There is no a in font nullfont!
Missing character: There is no r in font nullfont!
Missing character: There is no g in font nullfont!
Missing character: There is no i in font nullfont!
Missing character: There is no n in font nullfont!
Missing character: There is no = in font nullfont!
Missing character: There is no 2 in font nullfont!
Missing character: There is no e in font nullfont!
Missing character: There is no m in font nullfont!
Missing character: There is no , in font nullfont!
Missing character: There is no a in font nullfont!
Missing character: There is no b in font nullfont!
Missing character: There is no o in font nullfont!
Missing character: There is no v in font nullfont!
Missing character: There is no e in font nullfont!
Missing character: There is no s in font nullfont!
Missing character: There is no k in font nullfont!
Missing character: There is no i in font nullfont!
Missing character: There is no p in font nullfont!
Missing character: There is no = in font nullfont!
Missing character: There is no 1 in font nullfont!
Missing character: There is no e in font nullfont!
Missing character: There is no m in font nullfont!
Missing character: There is no , in font nullfont!
Missing character: There is no f in font nullfont!
Missing character: There is no r in font nullfont!
Missing character: There is no a in font nullfont!
Missing character: There is no m in font nullfont!
Missing character: There is no e in font nullfont!
Missing character: There is no x in font nullfont!
Missing character: There is no l in font nullfont!
Missing character: There is no e in font nullfont!
Missing character: There is no f in font nullfont!
Missing character: There is no t in font nullfont!
Missing character: There is no m in font nullfont!
Missing character: There is no a in font nullfont!
Missing character: There is no r in font nullfont!
Missing character: There is no g in font nullfont!
Missing character: There is no i in font nullfont!
Missing character: There is no n in font nullfont!
Missing character: There is no = in font nullfont!
Missing character: There is no 2 in font nullfont!
Missing character: There is no e in font nullfont!
Missing character: There is no m in font nullfont!

Overfull \hbox (20.0pt too wide) in paragraph at lines 4--17
[]
 []

(d:/texlive/2022/texmf-dist/tex/latex/l3backend/l3backend-pdftex.def
File: l3backend-pdftex.def 2022-02-07 L3 backend support: PDF output (pdfTeX)
\l__color_backend_stack_int=\count185
\l__pdf_internal_box=\box50
) (./PCO.aux)
\openout1 = `PCO.aux'.

LaTeX Font Info:    Checking defaults for OML/cmm/m/it on input line 18.
LaTeX Font Info:    ... okay on input line 18.
LaTeX Font Info:    Checking defaults for OMS/cmsy/m/n on input line 18.
LaTeX Font Info:    ... okay on input line 18.
LaTeX Font Info:    Checking defaults for OT1/cmr/m/n on input line 18.
LaTeX Font Info:    ... okay on input line 18.
LaTeX Font Info:    Checking defaults for T1/cmr/m/n on input line 18.
LaTeX Font Info:    ... okay on input line 18.
LaTeX Font Info:    Checking defaults for TS1/cmr/m/n on input line 18.
LaTeX Font Info:    ... okay on input line 18.
LaTeX Font Info:    Checking defaults for OMX/cmex/m/n on input line 18.
LaTeX Font Info:    ... okay on input line 18.
LaTeX Font Info:    Checking defaults for U/cmr/m/n on input line 18.
LaTeX Font Info:    ... okay on input line 18.


c:/Users/23767/LaTeX/è®¡ç®—æœºç»„æˆï¼šè½¯ç¡¬ä»¶æ¥å£/PCO.tex:18: LaTeX Error: The font size command \normalsize is not defined:
               there is probably something wrong with the class file.

See the LaTeX manual or LaTeX Companion for explanation.
Type  H <return>  for immediate help.
 ...                                              
                                                  
l.18 \begin{document}
                     
Your command was ignored.
Type  I <command> <return>  to replace it with another command,
or  <return>  to continue without it.

c:/Users/23767/LaTeX/è®¡ç®—æœºç»„æˆï¼šè½¯ç¡¬ä»¶æ¥å£/PCO.tex:22: Undefined control sequence.
l.22 \maketitle
               
The control sequence at the end of the top line
of your error message was never \def'ed. If you have
misspelled it (e.g., `\hobx'), type `I' and the correct
spelling (e.g., `I\hbox'). Otherwise just continue,
and I'll forget about whatever was undefined.

c:/Users/23767/LaTeX/è®¡ç®—æœºç»„æˆï¼šè½¯ç¡¬ä»¶æ¥å£/PCO.tex:23: Undefined control sequence.
l.23 \section
             {æ¦‚è¦}
The control sequence at the end of the top line
of your error message was never \def'ed. If you have
misspelled it (e.g., `\hobx'), type `I' and the correct
spelling (e.g., `I\hbox'). Otherwise just continue,
and I'll forget about whatever was undefined.


c:/Users/23767/LaTeX/è®¡ç®—æœºç»„æˆï¼šè½¯ç¡¬ä»¶æ¥å£/PCO.tex:23: LaTeX Error: Unicode character æ¦‚ (U+6982)
               not set up for use with LaTeX.

See the LaTeX manual or LaTeX Companion for explanation.
Type  H <return>  for immediate help.
 ...                                              
                                                  
l.23 \section{æ¦‚
                 è¦}
You may provide a definition with
\DeclareUnicodeCharacter 


c:/Users/23767/LaTeX/è®¡ç®—æœºç»„æˆï¼šè½¯ç¡¬ä»¶æ¥å£/PCO.tex:23: LaTeX Error: Unicode character è¦ (U+8981)
               not set up for use with LaTeX.

See the LaTeX manual or LaTeX Companion for explanation.
Type  H <return>  for immediate help.
 ...                                              
                                                  
l.23 \section{æ¦‚è¦
                    }
You may provide a definition with
\DeclareUnicodeCharacter 

c:/Users/23767/LaTeX/è®¡ç®—æœºç»„æˆï¼šè½¯ç¡¬ä»¶æ¥å£/PCO.tex:24: Undefined control sequence.
l.24 \subsection
                {è¡¡é‡è®¡ç®—æœºç³»ç»Ÿçš„é€Ÿåº¦}
The control sequence at the end of the top line
of your error message was never \def'ed. If you have
misspelled it (e.g., `\hobx'), type `I' and the correct
spelling (e.g., `I\hbox'). Otherwise just continue,
and I'll forget about whatever was undefined.


c:/Users/23767/LaTeX/è®¡ç®—æœºç»„æˆï¼šè½¯ç¡¬ä»¶æ¥å£/PCO.tex:24: LaTeX Error: Unicode character è¡¡ (U+8861)
               not set up for use with LaTeX.

See the LaTeX manual or LaTeX Companion for explanation.
Type  H <return>  for immediate help.
 ...                                              
                                                  
l.24 \subsection{è¡¡
                    é‡è®¡ç®—æœºç³»ç»Ÿçš„é€Ÿåº¦}
You may provide a definition with
\DeclareUnicodeCharacter 


c:/Users/23767/LaTeX/è®¡ç®—æœºç»„æˆï¼šè½¯ç¡¬ä»¶æ¥å£/PCO.tex:24: LaTeX Error: Unicode character é‡ (U+91CF)
               not set up for use with LaTeX.

See the LaTeX manual or LaTeX Companion for explanation.
Type  H <return>  for immediate help.
 ...                                              
                                                  
l.24 \subsection{è¡¡é‡
                       è®¡ç®—æœºç³»ç»Ÿçš„é€Ÿåº¦}
You may provide a definition with
\DeclareUnicodeCharacter 


c:/Users/23767/LaTeX/è®¡ç®—æœºç»„æˆï¼šè½¯ç¡¬ä»¶æ¥å£/PCO.tex:24: LaTeX Error: Unicode character è®¡ (U+8BA1)
               not set up for use with LaTeX.

See the LaTeX manual or LaTeX Companion for explanation.
Type  H <return>  for immediate help.
 ...                                              
                                                  
l.24 \subsection{è¡¡é‡è®¡
                          ç®—æœºç³»ç»Ÿçš„é€Ÿåº¦}
You may provide a definition with
\DeclareUnicodeCharacter 


c:/Users/23767/LaTeX/è®¡ç®—æœºç»„æˆï¼šè½¯ç¡¬ä»¶æ¥å£/PCO.tex:24: LaTeX Error: Unicode character ç®— (U+7B97)
               not set up for use with LaTeX.

See the LaTeX manual or LaTeX Companion for explanation.
Type  H <return>  for immediate help.
 ...                                              
                                                  
l.24 \subsection{è¡¡é‡è®¡ç®—
                             æœºç³»ç»Ÿçš„é€Ÿåº¦}
You may provide a definition with
\DeclareUnicodeCharacter 


c:/Users/23767/LaTeX/è®¡ç®—æœºç»„æˆï¼šè½¯ç¡¬ä»¶æ¥å£/PCO.tex:24: LaTeX Error: Unicode character æœº (U+673A)
               not set up for use with LaTeX.

See the LaTeX manual or LaTeX Companion for explanation.
Type  H <return>  for immediate help.
 ...                                              
                                                  
l.24 \subsection{è¡¡é‡è®¡ç®—æœº
                                ç³»ç»Ÿçš„é€Ÿåº¦}
You may provide a definition with
\DeclareUnicodeCharacter 


c:/Users/23767/LaTeX/è®¡ç®—æœºç»„æˆï¼šè½¯ç¡¬ä»¶æ¥å£/PCO.tex:24: LaTeX Error: Unicode character ç³» (U+7CFB)
               not set up for use with LaTeX.

See the LaTeX manual or LaTeX Companion for explanation.
Type  H <return>  for immediate help.
 ...                                              
                                                  
l.24 \subsection{è¡¡é‡è®¡ç®—æœºç³»
                                   ç»Ÿçš„é€Ÿåº¦}
You may provide a definition with
\DeclareUnicodeCharacter 


c:/Users/23767/LaTeX/è®¡ç®—æœºç»„æˆï¼šè½¯ç¡¬ä»¶æ¥å£/PCO.tex:24: LaTeX Error: Unicode character ç»Ÿ (U+7EDF)
               not set up for use with LaTeX.

See the LaTeX manual or LaTeX Companion for explanation.
Type  H <return>  for immediate help.
 ...                                              
                                                  
l.24 \subsection{è¡¡é‡è®¡ç®—æœºç³»ç»Ÿ
                                      çš„é€Ÿåº¦}
You may provide a definition with
\DeclareUnicodeCharacter 


c:/Users/23767/LaTeX/è®¡ç®—æœºç»„æˆï¼šè½¯ç¡¬ä»¶æ¥å£/PCO.tex:24: LaTeX Error: Unicode character çš„ (U+7684)
               not set up for use with LaTeX.

See the LaTeX manual or LaTeX Companion for explanation.
Type  H <return>  for immediate help.
 ...                                              
                                                  
l.24 \subsection{è¡¡é‡è®¡ç®—æœºç³»ç»Ÿçš„
                                         é€Ÿåº¦}
You may provide a definition with
\DeclareUnicodeCharacter 


c:/Users/23767/LaTeX/è®¡ç®—æœºç»„æˆï¼šè½¯ç¡¬ä»¶æ¥å£/PCO.tex:24: LaTeX Error: Unicode character é€Ÿ (U+901F)
               not set up for use with LaTeX.

See the LaTeX manual or LaTeX Companion for explanation.
Type  H <return>  for immediate help.
 ...                                              
                                                  
l.24 \subsection{è¡¡é‡è®¡ç®—æœºç³»ç»Ÿçš„é€Ÿ
                                            åº¦}
You may provide a definition with
\DeclareUnicodeCharacter 


c:/Users/23767/LaTeX/è®¡ç®—æœºç»„æˆï¼šè½¯ç¡¬ä»¶æ¥å£/PCO.tex:24: LaTeX Error: Unicode character åº¦ (U+5EA6)
               not set up for use with LaTeX.

See the LaTeX manual or LaTeX Companion for explanation.
Type  H <return>  for immediate help.
 ...                                              
                                                  
l.24 \subsection{è¡¡é‡è®¡ç®—æœºç³»ç»Ÿçš„é€Ÿåº¦
                                               }
You may provide a definition with
\DeclareUnicodeCharacter 


c:/Users/23767/LaTeX/è®¡ç®—æœºç»„æˆï¼šè½¯ç¡¬ä»¶æ¥å£/PCO.tex:25: LaTeX Error: Unicode character å¦‚ (U+5982)
               not set up for use with LaTeX.

See the LaTeX manual or LaTeX Companion for explanation.
Type  H <return>  for immediate help.
 ...                                              
                                                  
l.25 å¦‚
        æœæ—¶é—´æ¥åº¦é‡è®¡ç®—æœºçš„æ€§èƒ½,åˆ™å®Œæˆç›¸åŒçš„è®¡ç®—ä»»åŠ¡,...
You may provide a definition with
\DeclareUnicodeCharacter 


c:/Users/23767/LaTeX/è®¡ç®—æœºç»„æˆï¼šè½¯ç¡¬ä»¶æ¥å£/PCO.tex:25: LaTeX Error: Unicode character æœ (U+679C)
               not set up for use with LaTeX.

See the LaTeX manual or LaTeX Companion for explanation.
Type  H <return>  for immediate help.
 ...                                              
                                                  
l.25 å¦‚æœ
           æ—¶é—´æ¥åº¦é‡è®¡ç®—æœºçš„æ€§èƒ½,åˆ™å®Œæˆç›¸åŒçš„è®¡ç®—ä»»åŠ¡,...
You may provide a definition with
\DeclareUnicodeCharacter 


c:/Users/23767/LaTeX/è®¡ç®—æœºç»„æˆï¼šè½¯ç¡¬ä»¶æ¥å£/PCO.tex:25: LaTeX Error: Unicode character æ—¶ (U+65F6)
               not set up for use with LaTeX.

See the LaTeX manual or LaTeX Companion for explanation.
Type  H <return>  for immediate help.
 ...                                              
                                                  
l.25 å¦‚æœæ—¶
              é—´æ¥åº¦é‡è®¡ç®—æœºçš„æ€§èƒ½,åˆ™å®Œæˆç›¸åŒçš„è®¡ç®—ä»»åŠ¡,...
You may provide a definition with
\DeclareUnicodeCharacter 


c:/Users/23767/LaTeX/è®¡ç®—æœºç»„æˆï¼šè½¯ç¡¬ä»¶æ¥å£/PCO.tex:25: LaTeX Error: Unicode character é—´ (U+95F4)
               not set up for use with LaTeX.

See the LaTeX manual or LaTeX Companion for explanation.
Type  H <return>  for immediate help.
 ...                                              
                                                  
l.25 å¦‚æœæ—¶é—´
                 æ¥åº¦é‡è®¡ç®—æœºçš„æ€§èƒ½,åˆ™å®Œæˆç›¸åŒçš„è®¡ç®—ä»»åŠ¡,...
You may provide a definition with
\DeclareUnicodeCharacter 


c:/Users/23767/LaTeX/è®¡ç®—æœºç»„æˆï¼šè½¯ç¡¬ä»¶æ¥å£/PCO.tex:25: LaTeX Error: Unicode character æ¥ (U+6765)
               not set up for use with LaTeX.

See the LaTeX manual or LaTeX Companion for explanation.
Type  H <return>  for immediate help.
 ...                                              
                                                  
l.25 å¦‚æœæ—¶é—´æ¥
                    åº¦é‡è®¡ç®—æœºçš„æ€§èƒ½,åˆ™å®Œæˆç›¸åŒçš„è®¡ç®—ä»»åŠ¡,...
You may provide a definition with
\DeclareUnicodeCharacter 


c:/Users/23767/LaTeX/è®¡ç®—æœºç»„æˆï¼šè½¯ç¡¬ä»¶æ¥å£/PCO.tex:25: LaTeX Error: Unicode character åº¦ (U+5EA6)
               not set up for use with LaTeX.

See the LaTeX manual or LaTeX Companion for explanation.
Type  H <return>  for immediate help.
 ...                                              
                                                  
l.25 å¦‚æœæ—¶é—´æ¥åº¦
                       é‡è®¡ç®—æœºçš„æ€§èƒ½,åˆ™å®Œæˆç›¸åŒçš„è®¡ç®—ä»»åŠ¡,...
You may provide a definition with
\DeclareUnicodeCharacter 


c:/Users/23767/LaTeX/è®¡ç®—æœºç»„æˆï¼šè½¯ç¡¬ä»¶æ¥å£/PCO.tex:25: LaTeX Error: Unicode character é‡ (U+91CF)
               not set up for use with LaTeX.

See the LaTeX manual or LaTeX Companion for explanation.
Type  H <return>  for immediate help.
 ...                                              
                                                  
l.25 å¦‚æœæ—¶é—´æ¥åº¦é‡
                          è®¡ç®—æœºçš„æ€§èƒ½,åˆ™å®Œæˆç›¸åŒçš„è®¡ç®—ä»»åŠ¡,...
You may provide a definition with
\DeclareUnicodeCharacter 


c:/Users/23767/LaTeX/è®¡ç®—æœºç»„æˆï¼šè½¯ç¡¬ä»¶æ¥å£/PCO.tex:25: LaTeX Error: Unicode character è®¡ (U+8BA1)
               not set up for use with LaTeX.

See the LaTeX manual or LaTeX Companion for explanation.
Type  H <return>  for immediate help.
 ...                                              
                                                  
l.25 å¦‚æœæ—¶é—´æ¥åº¦é‡è®¡
                             ç®—æœºçš„æ€§èƒ½,åˆ™å®Œæˆç›¸åŒçš„è®¡ç®—ä»»åŠ¡,...
You may provide a definition with
\DeclareUnicodeCharacter 


c:/Users/23767/LaTeX/è®¡ç®—æœºç»„æˆï¼šè½¯ç¡¬ä»¶æ¥å£/PCO.tex:25: LaTeX Error: Unicode character ç®— (U+7B97)
               not set up for use with LaTeX.

See the LaTeX manual or LaTeX Companion for explanation.
Type  H <return>  for immediate help.
 ...                                              
                                                  
l.25 å¦‚æœæ—¶é—´æ¥åº¦é‡è®¡ç®—
                                æœºçš„æ€§èƒ½,åˆ™å®Œæˆç›¸åŒçš„è®¡ç®—ä»»åŠ¡,...
You may provide a definition with
\DeclareUnicodeCharacter 


c:/Users/23767/LaTeX/è®¡ç®—æœºç»„æˆï¼šè½¯ç¡¬ä»¶æ¥å£/PCO.tex:25: LaTeX Error: Unicode character æœº (U+673A)
               not set up for use with LaTeX.

See the LaTeX manual or LaTeX Companion for explanation.
Type  H <return>  for immediate help.
 ...                                              
                                                  
l.25 å¦‚æœæ—¶é—´æ¥åº¦é‡è®¡ç®—æœº
                                   çš„æ€§èƒ½,åˆ™å®Œæˆç›¸åŒçš„è®¡ç®—ä»»åŠ¡,...
You may provide a definition with
\DeclareUnicodeCharacter 


c:/Users/23767/LaTeX/è®¡ç®—æœºç»„æˆï¼šè½¯ç¡¬ä»¶æ¥å£/PCO.tex:25: LaTeX Error: Unicode character çš„ (U+7684)
               not set up for use with LaTeX.

See the LaTeX manual or LaTeX Companion for explanation.
Type  H <return>  for immediate help.
 ...                                              
                                                  
l.25 å¦‚æœæ—¶é—´æ¥åº¦é‡è®¡ç®—æœºçš„
                                      æ€§èƒ½,åˆ™å®Œæˆç›¸åŒçš„è®¡ç®—ä»»åŠ¡,...
You may provide a definition with
\DeclareUnicodeCharacter 


c:/Users/23767/LaTeX/è®¡ç®—æœºç»„æˆï¼šè½¯ç¡¬ä»¶æ¥å£/PCO.tex:25: LaTeX Error: Unicode character æ€§ (U+6027)
               not set up for use with LaTeX.

See the LaTeX manual or LaTeX Companion for explanation.
Type  H <return>  for immediate help.
 ...                                              
                                                  
l.25 å¦‚æœæ—¶é—´æ¥åº¦é‡è®¡ç®—æœºçš„æ€§
                                         èƒ½,åˆ™å®Œæˆç›¸åŒçš„è®¡ç®—ä»»åŠ¡,...
You may provide a definition with
\DeclareUnicodeCharacter 


c:/Users/23767/LaTeX/è®¡ç®—æœºç»„æˆï¼šè½¯ç¡¬ä»¶æ¥å£/PCO.tex:25: LaTeX Error: Unicode character èƒ½ (U+80FD)
               not set up for use with LaTeX.

See the LaTeX manual or LaTeX Companion for explanation.
Type  H <return>  for immediate help.
 ...                                              
                                                  
l.25 å¦‚æœæ—¶é—´æ¥åº¦é‡è®¡ç®—æœºçš„æ€§èƒ½
                                            ,åˆ™å®Œæˆç›¸åŒçš„è®¡ç®—ä»»åŠ¡,...
You may provide a definition with
\DeclareUnicodeCharacter 


c:/Users/23767/LaTeX/è®¡ç®—æœºç»„æˆï¼šè½¯ç¡¬ä»¶æ¥å£/PCO.tex:25: LaTeX Error: Unicode character åˆ™ (U+5219)
               not set up for use with LaTeX.

See the LaTeX manual or LaTeX Companion for explanation.
Type  H <return>  for immediate help.
 ...                                              
                                                  
l.25 å¦‚æœæ—¶é—´æ¥åº¦é‡è®¡ç®—æœºçš„æ€§èƒ½,åˆ™
                                                å®Œæˆç›¸åŒçš„è®¡ç®—ä»»åŠ¡,...
You may provide a definition with
\DeclareUnicodeCharacter 


c:/Users/23767/LaTeX/è®¡ç®—æœºç»„æˆï¼šè½¯ç¡¬ä»¶æ¥å£/PCO.tex:25: LaTeX Error: Unicode character å®Œ (U+5B8C)
               not set up for use with LaTeX.

See the LaTeX manual or LaTeX Companion for explanation.
Type  H <return>  for immediate help.
 ...                                              
                                                  
l.25 ...œæ—¶é—´æ¥åº¦é‡è®¡ç®—æœºçš„æ€§èƒ½,åˆ™å®Œ
                                                  æˆç›¸åŒçš„è®¡ç®—ä»»åŠ¡,é...
You may provide a definition with
\DeclareUnicodeCharacter 


c:/Users/23767/LaTeX/è®¡ç®—æœºç»„æˆï¼šè½¯ç¡¬ä»¶æ¥å£/PCO.tex:25: LaTeX Error: Unicode character æˆ (U+6210)
               not set up for use with LaTeX.

See the LaTeX manual or LaTeX Companion for explanation.
Type  H <return>  for immediate help.
 ...                                              
                                                  
l.25 ...—¶é—´æ¥åº¦é‡è®¡ç®—æœºçš„æ€§èƒ½,åˆ™å®Œæˆ
                                                  ç›¸åŒçš„è®¡ç®—ä»»åŠ¡,éœ€è...
You may provide a definition with
\DeclareUnicodeCharacter 


c:/Users/23767/LaTeX/è®¡ç®—æœºç»„æˆï¼šè½¯ç¡¬ä»¶æ¥å£/PCO.tex:25: LaTeX Error: Unicode character ç›¸ (U+76F8)
               not set up for use with LaTeX.

See the LaTeX manual or LaTeX Companion for explanation.
Type  H <return>  for immediate help.
 ...                                              
                                                  
l.25 ...—´æ¥åº¦é‡è®¡ç®—æœºçš„æ€§èƒ½,åˆ™å®Œæˆç›¸
                                                  åŒçš„è®¡ç®—ä»»åŠ¡,éœ€è¦æ...
You may provide a definition with
\DeclareUnicodeCharacter 


c:/Users/23767/LaTeX/è®¡ç®—æœºç»„æˆï¼šè½¯ç¡¬ä»¶æ¥å£/PCO.tex:25: LaTeX Error: Unicode character åŒ (U+540C)
               not set up for use with LaTeX.

See the LaTeX manual or LaTeX Companion for explanation.
Type  H <return>  for immediate help.
 ...                                              
                                                  
l.25 ...¥åº¦é‡è®¡ç®—æœºçš„æ€§èƒ½,åˆ™å®Œæˆç›¸åŒ
                                                  çš„è®¡ç®—ä»»åŠ¡,éœ€è¦æ—¶é...
You may provide a definition with
\DeclareUnicodeCharacter 


c:/Users/23767/LaTeX/è®¡ç®—æœºç»„æˆï¼šè½¯ç¡¬ä»¶æ¥å£/PCO.tex:25: LaTeX Error: Unicode character çš„ (U+7684)
               not set up for use with LaTeX.

See the LaTeX manual or LaTeX Companion for explanation.
Type  H <return>  for immediate help.
 ...                                              
                                                  
l.25 ...º¦é‡è®¡ç®—æœºçš„æ€§èƒ½,åˆ™å®Œæˆç›¸åŒçš„
                                                  è®¡ç®—ä»»åŠ¡,éœ€è¦æ—¶é—´æ...
You may provide a definition with
\DeclareUnicodeCharacter 


c:/Users/23767/LaTeX/è®¡ç®—æœºç»„æˆï¼šè½¯ç¡¬ä»¶æ¥å£/PCO.tex:25: LaTeX Error: Unicode character è®¡ (U+8BA1)
               not set up for use with LaTeX.

See the LaTeX manual or LaTeX Companion for explanation.
Type  H <return>  for immediate help.
 ...                                              
                                                  
l.25 ...‡è®¡ç®—æœºçš„æ€§èƒ½,åˆ™å®Œæˆç›¸åŒçš„è®¡
                                                  ç®—ä»»åŠ¡,éœ€è¦æ—¶é—´æ›´å...
You may provide a definition with
\DeclareUnicodeCharacter 


c:/Users/23767/LaTeX/è®¡ç®—æœºç»„æˆï¼šè½¯ç¡¬ä»¶æ¥å£/PCO.tex:25: LaTeX Error: Unicode character ç®— (U+7B97)
               not set up for use with LaTeX.

See the LaTeX manual or LaTeX Companion for explanation.
Type  H <return>  for immediate help.
 ...                                              
                                                  
l.25 ...®¡ç®—æœºçš„æ€§èƒ½,åˆ™å®Œæˆç›¸åŒçš„è®¡ç®—
                                                  ä»»åŠ¡,éœ€è¦æ—¶é—´æ›´å°‘ç...
You may provide a definition with
\DeclareUnicodeCharacter 


c:/Users/23767/LaTeX/è®¡ç®—æœºç»„æˆï¼šè½¯ç¡¬ä»¶æ¥å£/PCO.tex:25: LaTeX Error: Unicode character ä»» (U+4EFB)
               not set up for use with LaTeX.

See the LaTeX manual or LaTeX Companion for explanation.
Type  H <return>  for immediate help.
 ...                                              
                                                  
l.25 ...®—æœºçš„æ€§èƒ½,åˆ™å®Œæˆç›¸åŒçš„è®¡ç®—ä»»
                                                  åŠ¡,éœ€è¦æ—¶é—´æ›´å°‘çš„è...
You may provide a definition with
\DeclareUnicodeCharacter 


c:/Users/23767/LaTeX/è®¡ç®—æœºç»„æˆï¼šè½¯ç¡¬ä»¶æ¥å£/PCO.tex:25: LaTeX Error: Unicode character åŠ¡ (U+52A1)
               not set up for use with LaTeX.

See the LaTeX manual or LaTeX Companion for explanation.
Type  H <return>  for immediate help.
 ...                                              
                                                  
l.25 ...œºçš„æ€§èƒ½,åˆ™å®Œæˆç›¸åŒçš„è®¡ç®—ä»»åŠ¡
                                                  ,éœ€è¦æ—¶é—´æ›´å°‘çš„è®¡ç...
You may provide a definition with
\DeclareUnicodeCharacter 


c:/Users/23767/LaTeX/è®¡ç®—æœºç»„æˆï¼šè½¯ç¡¬ä»¶æ¥å£/PCO.tex:25: LaTeX Error: Unicode character éœ€ (U+9700)
               not set up for use with LaTeX.

See the LaTeX manual or LaTeX Companion for explanation.
Type  H <return>  for immediate help.
 ...                                              
                                                  
l.25 ...„æ€§èƒ½,åˆ™å®Œæˆç›¸åŒçš„è®¡ç®—ä»»åŠ¡,éœ€
                                                  è¦æ—¶é—´æ›´å°‘çš„è®¡ç®—æœ...
You may provide a definition with
\DeclareUnicodeCharacter 


c:/Users/23767/LaTeX/è®¡ç®—æœºç»„æˆï¼šè½¯ç¡¬ä»¶æ¥å£/PCO.tex:25: LaTeX Error: Unicode character è¦ (U+8981)
               not set up for use with LaTeX.

See the LaTeX manual or LaTeX Companion for explanation.
Type  H <return>  for immediate help.
 ...                                              
                                                  
l.25 ...§èƒ½,åˆ™å®Œæˆç›¸åŒçš„è®¡ç®—ä»»åŠ¡,éœ€è¦
                                                  æ—¶é—´æ›´å°‘çš„è®¡ç®—æœºæ›...
You may provide a definition with
\DeclareUnicodeCharacter 


c:/Users/23767/LaTeX/è®¡ç®—æœºç»„æˆï¼šè½¯ç¡¬ä»¶æ¥å£/PCO.tex:25: LaTeX Error: Unicode character æ—¶ (U+65F6)
               not set up for use with LaTeX.

See the LaTeX manual or LaTeX Companion for explanation.
Type  H <return>  for immediate help.
 ...                                              
                                                  
l.25 ...½,åˆ™å®Œæˆç›¸åŒçš„è®¡ç®—ä»»åŠ¡,éœ€è¦æ—¶
                                                  é—´æ›´å°‘çš„è®¡ç®—æœºæ›´å¿«\\
You may provide a definition with
\DeclareUnicodeCharacter 


c:/Users/23767/LaTeX/è®¡ç®—æœºç»„æˆï¼šè½¯ç¡¬ä»¶æ¥å£/PCO.tex:25: LaTeX Error: Unicode character é—´ (U+95F4)
               not set up for use with LaTeX.

See the LaTeX manual or LaTeX Companion for explanation.
Type  H <return>  for immediate help.
 ...                                              
                                                  
l.25 ...ˆ™å®Œæˆç›¸åŒçš„è®¡ç®—ä»»åŠ¡,éœ€è¦æ—¶é—´
                                                  æ›´å°‘çš„è®¡ç®—æœºæ›´å¿«\\
You may provide a definition with
\DeclareUnicodeCharacter 


c:/Users/23767/LaTeX/è®¡ç®—æœºç»„æˆï¼šè½¯ç¡¬ä»¶æ¥å£/PCO.tex:25: LaTeX Error: Unicode character æ›´ (U+66F4)
               not set up for use with LaTeX.

See the LaTeX manual or LaTeX Companion for explanation.
Type  H <return>  for immediate help.
 ...                                              
                                                  
l.25 ...®Œæˆç›¸åŒçš„è®¡ç®—ä»»åŠ¡,éœ€è¦æ—¶é—´æ›´
                                                  å°‘çš„è®¡ç®—æœºæ›´å¿«\\
You may provide a definition with
\DeclareUnicodeCharacter 


c:/Users/23767/LaTeX/è®¡ç®—æœºç»„æˆï¼šè½¯ç¡¬ä»¶æ¥å£/PCO.tex:25: LaTeX Error: Unicode character å°‘ (U+5C11)
               not set up for use with LaTeX.

See the LaTeX manual or LaTeX Companion for explanation.
Type  H <return>  for immediate help.
 ...                                              
                                                  
l.25 ...ˆç›¸åŒçš„è®¡ç®—ä»»åŠ¡,éœ€è¦æ—¶é—´æ›´å°‘
                                                  çš„è®¡ç®—æœºæ›´å¿«\\
You may provide a definition with
\DeclareUnicodeCharacter 


c:/Users/23767/LaTeX/è®¡ç®—æœºç»„æˆï¼šè½¯ç¡¬ä»¶æ¥å£/PCO.tex:25: LaTeX Error: Unicode character çš„ (U+7684)
               not set up for use with LaTeX.

See the LaTeX manual or LaTeX Companion for explanation.
Type  H <return>  for immediate help.
 ...                                              
                                                  
l.25 ...›¸åŒçš„è®¡ç®—ä»»åŠ¡,éœ€è¦æ—¶é—´æ›´å°‘çš„
                                                  è®¡ç®—æœºæ›´å¿«\\
You may provide a definition with
\DeclareUnicodeCharacter 


c:/Users/23767/LaTeX/è®¡ç®—æœºç»„æˆï¼šè½¯ç¡¬ä»¶æ¥å£/PCO.tex:25: LaTeX Error: Unicode character è®¡ (U+8BA1)
               not set up for use with LaTeX.

See the LaTeX manual or LaTeX Companion for explanation.
Type  H <return>  for immediate help.
 ...                                              
                                                  
l.25 ...Œçš„è®¡ç®—ä»»åŠ¡,éœ€è¦æ—¶é—´æ›´å°‘çš„è®¡
                                                  ç®—æœºæ›´å¿«\\
You may provide a definition with
\DeclareUnicodeCharacter 


c:/Users/23767/LaTeX/è®¡ç®—æœºç»„æˆï¼šè½¯ç¡¬ä»¶æ¥å£/PCO.tex:25: LaTeX Error: Unicode character ç®— (U+7B97)
               not set up for use with LaTeX.

See the LaTeX manual or LaTeX Companion for explanation.
Type  H <return>  for immediate help.
 ...                                              
                                                  
l.25 ...š„è®¡ç®—ä»»åŠ¡,éœ€è¦æ—¶é—´æ›´å°‘çš„è®¡ç®—
                                                  æœºæ›´å¿«\\
You may provide a definition with
\DeclareUnicodeCharacter 


c:/Users/23767/LaTeX/è®¡ç®—æœºç»„æˆï¼šè½¯ç¡¬ä»¶æ¥å£/PCO.tex:25: LaTeX Error: Unicode character æœº (U+673A)
               not set up for use with LaTeX.

See the LaTeX manual or LaTeX Companion for explanation.
Type  H <return>  for immediate help.
 ...                                              
                                                  
l.25 ...®¡ç®—ä»»åŠ¡,éœ€è¦æ—¶é—´æ›´å°‘çš„è®¡ç®—æœº
                                                  æ›´å¿«\\
You may provide a definition with
\DeclareUnicodeCharacter 


c:/Users/23767/LaTeX/è®¡ç®—æœºç»„æˆï¼šè½¯ç¡¬ä»¶æ¥å£/PCO.tex:25: LaTeX Error: Unicode character æ›´ (U+66F4)
               not set up for use with LaTeX.

See the LaTeX manual or LaTeX Companion for explanation.
Type  H <return>  for immediate help.
 ...                                              
                                                  
l.25 ...®—ä»»åŠ¡,éœ€è¦æ—¶é—´æ›´å°‘çš„è®¡ç®—æœºæ›´
                                                  å¿«\\
You may provide a definition with
\DeclareUnicodeCharacter 


c:/Users/23767/LaTeX/è®¡ç®—æœºç»„æˆï¼šè½¯ç¡¬ä»¶æ¥å£/PCO.tex:25: LaTeX Error: Unicode character å¿« (U+5FEB)
               not set up for use with LaTeX.

See the LaTeX manual or LaTeX Companion for explanation.
Type  H <return>  for immediate help.
 ...                                              
                                                  
l.25 ...»»åŠ¡,éœ€è¦æ—¶é—´æ›´å°‘çš„è®¡ç®—æœºæ›´å¿«
                                                  \\
You may provide a definition with
\DeclareUnicodeCharacter 


c:/Users/23767/LaTeX/è®¡ç®—æœºç»„æˆï¼šè½¯ç¡¬ä»¶æ¥å£/PCO.tex:26: LaTeX Error: Unicode character ä½¿ (U+4F7F)
               not set up for use with LaTeX.

See the LaTeX manual or LaTeX Companion for explanation.
Type  H <return>  for immediate help.
 ...                                              
                                                  
l.26 ä½¿
        ç”¨CPUæ‰§è¡Œæ—¶é—´(CPU execution time) å®ƒåªè¡¨ç¤ºCPUä¸ŠèŠ±è´¹çš„æ—...
You may provide a definition with
\DeclareUnicodeCharacter 


c:/Users/23767/LaTeX/è®¡ç®—æœºç»„æˆï¼šè½¯ç¡¬ä»¶æ¥å£/PCO.tex:26: LaTeX Error: Unicode character ç”¨ (U+7528)
               not set up for use with LaTeX.

See the LaTeX manual or LaTeX Companion for explanation.
Type  H <return>  for immediate help.
 ...                                              
                                                  
l.26 ä½¿ç”¨
           CPUæ‰§è¡Œæ—¶é—´(CPU execution time) å®ƒåªè¡¨ç¤ºCPUä¸ŠèŠ±è´¹çš„æ—...
You may provide a definition with
\DeclareUnicodeCharacter 


c:/Users/23767/LaTeX/è®¡ç®—æœºç»„æˆï¼šè½¯ç¡¬ä»¶æ¥å£/PCO.tex:26: LaTeX Error: Unicode character æ‰§ (U+6267)
               not set up for use with LaTeX.

See the LaTeX manual or LaTeX Companion for explanation.
Type  H <return>  for immediate help.
 ...                                              
                                                  
l.26 ä½¿ç”¨CPUæ‰§
                 è¡Œæ—¶é—´(CPU execution time) å®ƒåªè¡¨ç¤ºCPUä¸ŠèŠ±è´¹çš„æ—...
You may provide a definition with
\DeclareUnicodeCharacter 


c:/Users/23767/LaTeX/è®¡ç®—æœºç»„æˆï¼šè½¯ç¡¬ä»¶æ¥å£/PCO.tex:26: LaTeX Error: Unicode character è¡Œ (U+884C)
               not set up for use with LaTeX.

See the LaTeX manual or LaTeX Companion for explanation.
Type  H <return>  for immediate help.
 ...                                              
                                                  
l.26 ä½¿ç”¨CPUæ‰§è¡Œ
                    æ—¶é—´(CPU execution time) å®ƒåªè¡¨ç¤ºCPUä¸ŠèŠ±è´¹çš„æ—...
You may provide a definition with
\DeclareUnicodeCharacter 


c:/Users/23767/LaTeX/è®¡ç®—æœºç»„æˆï¼šè½¯ç¡¬ä»¶æ¥å£/PCO.tex:26: LaTeX Error: Unicode character æ—¶ (U+65F6)
               not set up for use with LaTeX.

See the LaTeX manual or LaTeX Companion for explanation.
Type  H <return>  for immediate help.
 ...                                              
                                                  
l.26 ä½¿ç”¨CPUæ‰§è¡Œæ—¶
                       é—´(CPU execution time) å®ƒåªè¡¨ç¤ºCPUä¸ŠèŠ±è´¹çš„æ—...
You may provide a definition with
\DeclareUnicodeCharacter 


c:/Users/23767/LaTeX/è®¡ç®—æœºç»„æˆï¼šè½¯ç¡¬ä»¶æ¥å£/PCO.tex:26: LaTeX Error: Unicode character é—´ (U+95F4)
               not set up for use with LaTeX.

See the LaTeX manual or LaTeX Companion for explanation.
Type  H <return>  for immediate help.
 ...                                              
                                                  
l.26 ä½¿ç”¨CPUæ‰§è¡Œæ—¶é—´
                          (CPU execution time) å®ƒåªè¡¨ç¤ºCPUä¸ŠèŠ±è´¹çš„æ—...
You may provide a definition with
\DeclareUnicodeCharacter 


c:/Users/23767/LaTeX/è®¡ç®—æœºç»„æˆï¼šè½¯ç¡¬ä»¶æ¥å£/PCO.tex:26: LaTeX Error: Unicode character å®ƒ (U+5B83)
               not set up for use with LaTeX.

See the LaTeX manual or LaTeX Companion for explanation.
Type  H <return>  for immediate help.
 ...                                              
                                                  
l.26 ä½¿ç”¨CPUæ‰§è¡Œæ—¶é—´(CPU execution time) å®ƒ
                                                  åªè¡¨ç¤ºCPUä¸ŠèŠ±è´¹çš„æ—...
You may provide a definition with
\DeclareUnicodeCharacter 


c:/Users/23767/LaTeX/è®¡ç®—æœºç»„æˆï¼šè½¯ç¡¬ä»¶æ¥å£/PCO.tex:26: LaTeX Error: Unicode character åª (U+53EA)
               not set up for use with LaTeX.

See the LaTeX manual or LaTeX Companion for explanation.
Type  H <return>  for immediate help.
 ...                                              
                                                  
l.26 ...CPUæ‰§è¡Œæ—¶é—´(CPU execution time) å®ƒåª
                                                  è¡¨ç¤ºCPUä¸ŠèŠ±è´¹çš„æ—¶é—´\\
You may provide a definition with
\DeclareUnicodeCharacter 


c:/Users/23767/LaTeX/è®¡ç®—æœºç»„æˆï¼šè½¯ç¡¬ä»¶æ¥å£/PCO.tex:26: LaTeX Error: Unicode character è¡¨ (U+8868)
               not set up for use with LaTeX.

See the LaTeX manual or LaTeX Companion for explanation.
Type  H <return>  for immediate help.
 ...                                              
                                                  
l.26 ...æ‰§è¡Œæ—¶é—´(CPU execution time) å®ƒåªè¡¨
                                                  ç¤ºCPUä¸ŠèŠ±è´¹çš„æ—¶é—´\\
You may provide a definition with
\DeclareUnicodeCharacter 


c:/Users/23767/LaTeX/è®¡ç®—æœºç»„æˆï¼šè½¯ç¡¬ä»¶æ¥å£/PCO.tex:26: LaTeX Error: Unicode character ç¤º (U+793A)
               not set up for use with LaTeX.

See the LaTeX manual or LaTeX Companion for explanation.
Type  H <return>  for immediate help.
 ...                                              
                                                  
l.26 ...è¡Œæ—¶é—´(CPU execution time) å®ƒåªè¡¨ç¤º
                                                  CPUä¸ŠèŠ±è´¹çš„æ—¶é—´\\
You may provide a definition with
\DeclareUnicodeCharacter 


c:/Users/23767/LaTeX/è®¡ç®—æœºç»„æˆï¼šè½¯ç¡¬ä»¶æ¥å£/PCO.tex:26: LaTeX Error: Unicode character ä¸Š (U+4E0A)
               not set up for use with LaTeX.

See the LaTeX manual or LaTeX Companion for explanation.
Type  H <return>  for immediate help.
 ...                                              
                                                  
l.26 ...é—´(CPU execution time) å®ƒåªè¡¨ç¤ºCPUä¸Š
                                                  èŠ±è´¹çš„æ—¶é—´\\
You may provide a definition with
\DeclareUnicodeCharacter 


c:/Users/23767/LaTeX/è®¡ç®—æœºç»„æˆï¼šè½¯ç¡¬ä»¶æ¥å£/PCO.tex:26: LaTeX Error: Unicode character èŠ± (U+82B1)
               not set up for use with LaTeX.

See the LaTeX manual or LaTeX Companion for explanation.
Type  H <return>  for immediate help.
 ...                                              
                                                  
l.26 ...(CPU execution time) å®ƒåªè¡¨ç¤ºCPUä¸ŠèŠ±
                                                  è´¹çš„æ—¶é—´\\
You may provide a definition with
\DeclareUnicodeCharacter 


c:/Users/23767/LaTeX/è®¡ç®—æœºç»„æˆï¼šè½¯ç¡¬ä»¶æ¥å£/PCO.tex:26: LaTeX Error: Unicode character è´¹ (U+8D39)
               not set up for use with LaTeX.

See the LaTeX manual or LaTeX Companion for explanation.
Type  H <return>  for immediate help.
 ...                                              
                                                  
l.26 ...U execution time) å®ƒåªè¡¨ç¤ºCPUä¸ŠèŠ±è´¹
                                                  çš„æ—¶é—´\\
You may provide a definition with
\DeclareUnicodeCharacter 


c:/Users/23767/LaTeX/è®¡ç®—æœºç»„æˆï¼šè½¯ç¡¬ä»¶æ¥å£/PCO.tex:26: LaTeX Error: Unicode character çš„ (U+7684)
               not set up for use with LaTeX.

See the LaTeX manual or LaTeX Companion for explanation.
Type  H <return>  for immediate help.
 ...                                              
                                                  
l.26 ...xecution time) å®ƒåªè¡¨ç¤ºCPUä¸ŠèŠ±è´¹çš„
                                                  æ—¶é—´\\
You may provide a definition with
\DeclareUnicodeCharacter 


c:/Users/23767/LaTeX/è®¡ç®—æœºç»„æˆï¼šè½¯ç¡¬ä»¶æ¥å£/PCO.tex:26: LaTeX Error: Unicode character æ—¶ (U+65F6)
               not set up for use with LaTeX.

See the LaTeX manual or LaTeX Companion for explanation.
Type  H <return>  for immediate help.
 ...                                              
                                                  
l.26 ...ution time) å®ƒåªè¡¨ç¤ºCPUä¸ŠèŠ±è´¹çš„æ—¶
                                                  é—´\\
You may provide a definition with
\DeclareUnicodeCharacter 


c:/Users/23767/LaTeX/è®¡ç®—æœºç»„æˆï¼šè½¯ç¡¬ä»¶æ¥å£/PCO.tex:26: LaTeX Error: Unicode character é—´ (U+95F4)
               not set up for use with LaTeX.

See the LaTeX manual or LaTeX Companion for explanation.
Type  H <return>  for immediate help.
 ...                                              
                                                  
l.26 ...on time) å®ƒåªè¡¨ç¤ºCPUä¸ŠèŠ±è´¹çš„æ—¶é—´
                                                  \\
You may provide a definition with
\DeclareUnicodeCharacter 


c:/Users/23767/LaTeX/è®¡ç®—æœºç»„æˆï¼šè½¯ç¡¬ä»¶æ¥å£/PCO.tex:27: LaTeX Error: Unicode character ä½¿ (U+4F7F)
               not set up for use with LaTeX.

See the LaTeX manual or LaTeX Companion for explanation.
Type  H <return>  for immediate help.
 ...                                              
                                                  
l.27 ä½¿
        ç”¨ç³»ç»Ÿæ€§èƒ½(system performance)æ¥è¡¨ç¤ºç©ºè½½ç³»ç»Ÿçš„å“åº”æ—¶...
You may provide a definition with
\DeclareUnicodeCharacter 


c:/Users/23767/LaTeX/è®¡ç®—æœºç»„æˆï¼šè½¯ç¡¬ä»¶æ¥å£/PCO.tex:27: LaTeX Error: Unicode character ç”¨ (U+7528)
               not set up for use with LaTeX.

See the LaTeX manual or LaTeX Companion for explanation.
Type  H <return>  for immediate help.
 ...                                              
                                                  
l.27 ä½¿ç”¨
           ç³»ç»Ÿæ€§èƒ½(system performance)æ¥è¡¨ç¤ºç©ºè½½ç³»ç»Ÿçš„å“åº”æ—¶...
You may provide a definition with
\DeclareUnicodeCharacter 


c:/Users/23767/LaTeX/è®¡ç®—æœºç»„æˆï¼šè½¯ç¡¬ä»¶æ¥å£/PCO.tex:27: LaTeX Error: Unicode character ç³» (U+7CFB)
               not set up for use with LaTeX.

See the LaTeX manual or LaTeX Companion for explanation.
Type  H <return>  for immediate help.
 ...                                              
                                                  
l.27 ä½¿ç”¨ç³»
              ç»Ÿæ€§èƒ½(system performance)æ¥è¡¨ç¤ºç©ºè½½ç³»ç»Ÿçš„å“åº”æ—¶...
You may provide a definition with
\DeclareUnicodeCharacter 


c:/Users/23767/LaTeX/è®¡ç®—æœºç»„æˆï¼šè½¯ç¡¬ä»¶æ¥å£/PCO.tex:27: LaTeX Error: Unicode character ç»Ÿ (U+7EDF)
               not set up for use with LaTeX.

See the LaTeX manual or LaTeX Companion for explanation.
Type  H <return>  for immediate help.
 ...                                              
                                                  
l.27 ä½¿ç”¨ç³»ç»Ÿ
                 æ€§èƒ½(system performance)æ¥è¡¨ç¤ºç©ºè½½ç³»ç»Ÿçš„å“åº”æ—¶...
You may provide a definition with
\DeclareUnicodeCharacter 


c:/Users/23767/LaTeX/è®¡ç®—æœºç»„æˆï¼šè½¯ç¡¬ä»¶æ¥å£/PCO.tex:27: LaTeX Error: Unicode character æ€§ (U+6027)
               not set up for use with LaTeX.

See the LaTeX manual or LaTeX Companion for explanation.
Type  H <return>  for immediate help.
 ...                                              
                                                  
l.27 ä½¿ç”¨ç³»ç»Ÿæ€§
                    èƒ½(system performance)æ¥è¡¨ç¤ºç©ºè½½ç³»ç»Ÿçš„å“åº”æ—¶...
You may provide a definition with
\DeclareUnicodeCharacter 


c:/Users/23767/LaTeX/è®¡ç®—æœºç»„æˆï¼šè½¯ç¡¬ä»¶æ¥å£/PCO.tex:27: LaTeX Error: Unicode character èƒ½ (U+80FD)
               not set up for use with LaTeX.

See the LaTeX manual or LaTeX Companion for explanation.
Type  H <return>  for immediate help.
 ...                                              
                                                  
l.27 ä½¿ç”¨ç³»ç»Ÿæ€§èƒ½
                       (system performance)æ¥è¡¨ç¤ºç©ºè½½ç³»ç»Ÿçš„å“åº”æ—¶...
You may provide a definition with
\DeclareUnicodeCharacter 


c:/Users/23767/LaTeX/è®¡ç®—æœºç»„æˆï¼šè½¯ç¡¬ä»¶æ¥å£/PCO.tex:27: LaTeX Error: Unicode character æ¥ (U+6765)
               not set up for use with LaTeX.

See the LaTeX manual or LaTeX Companion for explanation.
Type  H <return>  for immediate help.
 ...                                              
                                                  
l.27 ä½¿ç”¨ç³»ç»Ÿæ€§èƒ½(system performance)æ¥
                                              è¡¨ç¤ºç©ºè½½ç³»ç»Ÿçš„å“åº”æ—¶...
You may provide a definition with
\DeclareUnicodeCharacter 


c:/Users/23767/LaTeX/è®¡ç®—æœºç»„æˆï¼šè½¯ç¡¬ä»¶æ¥å£/PCO.tex:27: LaTeX Error: Unicode character è¡¨ (U+8868)
               not set up for use with LaTeX.

See the LaTeX manual or LaTeX Companion for explanation.
Type  H <return>  for immediate help.
 ...                                              
                                                  
l.27 ä½¿ç”¨ç³»ç»Ÿæ€§èƒ½(system performance)æ¥è¡¨
                                                 ç¤ºç©ºè½½ç³»ç»Ÿçš„å“åº”æ—¶...
You may provide a definition with
\DeclareUnicodeCharacter 


c:/Users/23767/LaTeX/è®¡ç®—æœºç»„æˆï¼šè½¯ç¡¬ä»¶æ¥å£/PCO.tex:27: LaTeX Error: Unicode character ç¤º (U+793A)
               not set up for use with LaTeX.

See the LaTeX manual or LaTeX Companion for explanation.
Type  H <return>  for immediate help.
 ...                                              
                                                  
l.27 ...¨ç³»ç»Ÿæ€§èƒ½(system performance)æ¥è¡¨ç¤º
                                                  ç©ºè½½ç³»ç»Ÿçš„å“åº”æ—¶é—´\\
You may provide a definition with
\DeclareUnicodeCharacter 


c:/Users/23767/LaTeX/è®¡ç®—æœºç»„æˆï¼šè½¯ç¡¬ä»¶æ¥å£/PCO.tex:27: LaTeX Error: Unicode character ç©º (U+7A7A)
               not set up for use with LaTeX.

See the LaTeX manual or LaTeX Companion for explanation.
Type  H <return>  for immediate help.
 ...                                              
                                                  
l.27 ...»ç»Ÿæ€§èƒ½(system performance)æ¥è¡¨ç¤ºç©º
                                                  è½½ç³»ç»Ÿçš„å“åº”æ—¶é—´\\
You may provide a definition with
\DeclareUnicodeCharacter 


c:/Users/23767/LaTeX/è®¡ç®—æœºç»„æˆï¼šè½¯ç¡¬ä»¶æ¥å£/PCO.tex:27: LaTeX Error: Unicode character è½½ (U+8F7D)
               not set up for use with LaTeX.

See the LaTeX manual or LaTeX Companion for explanation.
Type  H <return>  for immediate help.
 ...                                              
                                                  
l.27 ...Ÿæ€§èƒ½(system performance)æ¥è¡¨ç¤ºç©ºè½½
                                                  ç³»ç»Ÿçš„å“åº”æ—¶é—´\\
You may provide a definition with
\DeclareUnicodeCharacter 


c:/Users/23767/LaTeX/è®¡ç®—æœºç»„æˆï¼šè½¯ç¡¬ä»¶æ¥å£/PCO.tex:27: LaTeX Error: Unicode character ç³» (U+7CFB)
               not set up for use with LaTeX.

See the LaTeX manual or LaTeX Companion for explanation.
Type  H <return>  for immediate help.
 ...                                              
                                                  
l.27 ...§èƒ½(system performance)æ¥è¡¨ç¤ºç©ºè½½ç³»
                                                  ç»Ÿçš„å“åº”æ—¶é—´\\
You may provide a definition with
\DeclareUnicodeCharacter 


c:/Users/23767/LaTeX/è®¡ç®—æœºç»„æˆï¼šè½¯ç¡¬ä»¶æ¥å£/PCO.tex:27: LaTeX Error: Unicode character ç»Ÿ (U+7EDF)
               not set up for use with LaTeX.

See the LaTeX manual or LaTeX Companion for explanation.
Type  H <return>  for immediate help.
 ...                                              
                                                  
l.27 ...½(system performance)æ¥è¡¨ç¤ºç©ºè½½ç³»ç»Ÿ
                                                  çš„å“åº”æ—¶é—´\\
You may provide a definition with
\DeclareUnicodeCharacter 


c:/Users/23767/LaTeX/è®¡ç®—æœºç»„æˆï¼šè½¯ç¡¬ä»¶æ¥å£/PCO.tex:27: LaTeX Error: Unicode character çš„ (U+7684)
               not set up for use with LaTeX.

See the LaTeX manual or LaTeX Companion for explanation.
Type  H <return>  for immediate help.
 ...                                              
                                                  
l.27 ...ystem performance)æ¥è¡¨ç¤ºç©ºè½½ç³»ç»Ÿçš„
                                                  å“åº”æ—¶é—´\\
You may provide a definition with
\DeclareUnicodeCharacter 


c:/Users/23767/LaTeX/è®¡ç®—æœºç»„æˆï¼šè½¯ç¡¬ä»¶æ¥å£/PCO.tex:27: LaTeX Error: Unicode character å“ (U+54CD)
               not set up for use with LaTeX.

See the LaTeX manual or LaTeX Companion for explanation.
Type  H <return>  for immediate help.
 ...                                              
                                                  
l.27 ...em performance)æ¥è¡¨ç¤ºç©ºè½½ç³»ç»Ÿçš„å“
                                                  åº”æ—¶é—´\\
You may provide a definition with
\DeclareUnicodeCharacter 


c:/Users/23767/LaTeX/è®¡ç®—æœºç»„æˆï¼šè½¯ç¡¬ä»¶æ¥å£/PCO.tex:27: LaTeX Error: Unicode character åº” (U+5E94)
               not set up for use with LaTeX.

See the LaTeX manual or LaTeX Companion for explanation.
Type  H <return>  for immediate help.
 ...                                              
                                                  
l.27 ...performance)æ¥è¡¨ç¤ºç©ºè½½ç³»ç»Ÿçš„å“åº”
                                                  æ—¶é—´\\
You may provide a definition with
\DeclareUnicodeCharacter 


c:/Users/23767/LaTeX/è®¡ç®—æœºç»„æˆï¼šè½¯ç¡¬ä»¶æ¥å£/PCO.tex:27: LaTeX Error: Unicode character æ—¶ (U+65F6)
               not set up for use with LaTeX.

See the LaTeX manual or LaTeX Companion for explanation.
Type  H <return>  for immediate help.
 ...                                              
                                                  
l.27 ...formance)æ¥è¡¨ç¤ºç©ºè½½ç³»ç»Ÿçš„å“åº”æ—¶
                                                  é—´\\
You may provide a definition with
\DeclareUnicodeCharacter 


c:/Users/23767/LaTeX/è®¡ç®—æœºç»„æˆï¼šè½¯ç¡¬ä»¶æ¥å£/PCO.tex:27: LaTeX Error: Unicode character é—´ (U+95F4)
               not set up for use with LaTeX.

See the LaTeX manual or LaTeX Companion for explanation.
Type  H <return>  for immediate help.
 ...                                              
                                                  
l.27 ...mance)æ¥è¡¨ç¤ºç©ºè½½ç³»ç»Ÿçš„å“åº”æ—¶é—´
                                                  \\
You may provide a definition with
\DeclareUnicodeCharacter 


c:/Users/23767/LaTeX/è®¡ç®—æœºç»„æˆï¼šè½¯ç¡¬ä»¶æ¥å£/PCO.tex:28: LaTeX Error: Unicode character å¹¶ (U+5E76)
               not set up for use with LaTeX.

See the LaTeX manual or LaTeX Companion for explanation.
Type  H <return>  for immediate help.
 ...                                              
                                                  
l.28 å¹¶
        ç”¨å±äºCPUæ€§èƒ½(CPU performance)çš„æœ¯è¯­æ¥è¡¨ç¤ºç”¨æˆ·CPUæ—¶é—´\\
You may provide a definition with
\DeclareUnicodeCharacter 


c:/Users/23767/LaTeX/è®¡ç®—æœºç»„æˆï¼šè½¯ç¡¬ä»¶æ¥å£/PCO.tex:28: LaTeX Error: Unicode character ç”¨ (U+7528)
               not set up for use with LaTeX.

See the LaTeX manual or LaTeX Companion for explanation.
Type  H <return>  for immediate help.
 ...                                              
                                                  
l.28 å¹¶ç”¨
           å±äºCPUæ€§èƒ½(CPU performance)çš„æœ¯è¯­æ¥è¡¨ç¤ºç”¨æˆ·CPUæ—¶é—´\\
You may provide a definition with
\DeclareUnicodeCharacter 


c:/Users/23767/LaTeX/è®¡ç®—æœºç»„æˆï¼šè½¯ç¡¬ä»¶æ¥å£/PCO.tex:28: LaTeX Error: Unicode character å± (U+5C5E)
               not set up for use with LaTeX.

See the LaTeX manual or LaTeX Companion for explanation.
Type  H <return>  for immediate help.
 ...                                              
                                                  
l.28 å¹¶ç”¨å±
              äºCPUæ€§èƒ½(CPU performance)çš„æœ¯è¯­æ¥è¡¨ç¤ºç”¨æˆ·CPUæ—¶é—´\\
You may provide a definition with
\DeclareUnicodeCharacter 


c:/Users/23767/LaTeX/è®¡ç®—æœºç»„æˆï¼šè½¯ç¡¬ä»¶æ¥å£/PCO.tex:28: LaTeX Error: Unicode character äº (U+4E8E)
               not set up for use with LaTeX.

See the LaTeX manual or LaTeX Companion for explanation.
Type  H <return>  for immediate help.
 ...                                              
                                                  
l.28 å¹¶ç”¨å±äº
                 CPUæ€§èƒ½(CPU performance)çš„æœ¯è¯­æ¥è¡¨ç¤ºç”¨æˆ·CPUæ—¶é—´\\
You may provide a definition with
\DeclareUnicodeCharacter 


c:/Users/23767/LaTeX/è®¡ç®—æœºç»„æˆï¼šè½¯ç¡¬ä»¶æ¥å£/PCO.tex:28: LaTeX Error: Unicode character æ€§ (U+6027)
               not set up for use with LaTeX.

See the LaTeX manual or LaTeX Companion for explanation.
Type  H <return>  for immediate help.
 ...                                              
                                                  
l.28 å¹¶ç”¨å±äºCPUæ€§
                       èƒ½(CPU performance)çš„æœ¯è¯­æ¥è¡¨ç¤ºç”¨æˆ·CPUæ—¶é—´\\
You may provide a definition with
\DeclareUnicodeCharacter 


c:/Users/23767/LaTeX/è®¡ç®—æœºç»„æˆï¼šè½¯ç¡¬ä»¶æ¥å£/PCO.tex:28: LaTeX Error: Unicode character èƒ½ (U+80FD)
               not set up for use with LaTeX.

See the LaTeX manual or LaTeX Companion for explanation.
Type  H <return>  for immediate help.
 ...                                              
                                                  
l.28 å¹¶ç”¨å±äºCPUæ€§èƒ½
                          (CPU performance)çš„æœ¯è¯­æ¥è¡¨ç¤ºç”¨æˆ·CPUæ—¶é—´\\
You may provide a definition with
\DeclareUnicodeCharacter 


c:/Users/23767/LaTeX/è®¡ç®—æœºç»„æˆï¼šè½¯ç¡¬ä»¶æ¥å£/PCO.tex:28: LaTeX Error: Unicode character çš„ (U+7684)
               not set up for use with LaTeX.

See the LaTeX manual or LaTeX Companion for explanation.
Type  H <return>  for immediate help.
 ...                                              
                                                  
l.28 å¹¶ç”¨å±äºCPUæ€§èƒ½(CPU performance)çš„
                                              æœ¯è¯­æ¥è¡¨ç¤ºç”¨æˆ·CPUæ—¶é—´\\
You may provide a definition with
\DeclareUnicodeCharacter 


c:/Users/23767/LaTeX/è®¡ç®—æœºç»„æˆï¼šè½¯ç¡¬ä»¶æ¥å£/PCO.tex:28: LaTeX Error: Unicode character æœ¯ (U+672F)
               not set up for use with LaTeX.

See the LaTeX manual or LaTeX Companion for explanation.
Type  H <return>  for immediate help.
 ...                                              
                                                  
l.28 å¹¶ç”¨å±äºCPUæ€§èƒ½(CPU performance)çš„æœ¯
                                                 è¯­æ¥è¡¨ç¤ºç”¨æˆ·CPUæ—¶é—´\\
You may provide a definition with
\DeclareUnicodeCharacter 


c:/Users/23767/LaTeX/è®¡ç®—æœºç»„æˆï¼šè½¯ç¡¬ä»¶æ¥å£/PCO.tex:28: LaTeX Error: Unicode character è¯­ (U+8BED)
               not set up for use with LaTeX.

See the LaTeX manual or LaTeX Companion for explanation.
Type  H <return>  for immediate help.
 ...                                              
                                                  
l.28 ...¨å±äºCPUæ€§èƒ½(CPU performance)çš„æœ¯è¯­
                                                  æ¥è¡¨ç¤ºç”¨æˆ·CPUæ—¶é—´\\
You may provide a definition with
\DeclareUnicodeCharacter 


c:/Users/23767/LaTeX/è®¡ç®—æœºç»„æˆï¼šè½¯ç¡¬ä»¶æ¥å£/PCO.tex:28: LaTeX Error: Unicode character æ¥ (U+6765)
               not set up for use with LaTeX.

See the LaTeX manual or LaTeX Companion for explanation.
Type  H <return>  for immediate help.
 ...                                              
                                                  
l.28 ...äºCPUæ€§èƒ½(CPU performance)çš„æœ¯è¯­æ¥
                                                  è¡¨ç¤ºç”¨æˆ·CPUæ—¶é—´\\
You may provide a definition with
\DeclareUnicodeCharacter 


c:/Users/23767/LaTeX/è®¡ç®—æœºç»„æˆï¼šè½¯ç¡¬ä»¶æ¥å£/PCO.tex:28: LaTeX Error: Unicode character è¡¨ (U+8868)
               not set up for use with LaTeX.

See the LaTeX manual or LaTeX Companion for explanation.
Type  H <return>  for immediate help.
 ...                                              
                                                  
l.28 ...CPUæ€§èƒ½(CPU performance)çš„æœ¯è¯­æ¥è¡¨
                                                  ç¤ºç”¨æˆ·CPUæ—¶é—´\\
You may provide a definition with
\DeclareUnicodeCharacter 


c:/Users/23767/LaTeX/è®¡ç®—æœºç»„æˆï¼šè½¯ç¡¬ä»¶æ¥å£/PCO.tex:28: LaTeX Error: Unicode character ç¤º (U+793A)
               not set up for use with LaTeX.

See the LaTeX manual or LaTeX Companion for explanation.
Type  H <return>  for immediate help.
 ...                                              
                                                  
l.28 ...Uæ€§èƒ½(CPU performance)çš„æœ¯è¯­æ¥è¡¨ç¤º
                                                  ç”¨æˆ·CPUæ—¶é—´\\
You may provide a definition with
\DeclareUnicodeCharacter 


c:/Users/23767/LaTeX/è®¡ç®—æœºç»„æˆï¼šè½¯ç¡¬ä»¶æ¥å£/PCO.tex:28: LaTeX Error: Unicode character ç”¨ (U+7528)
               not set up for use with LaTeX.

See the LaTeX manual or LaTeX Companion for explanation.
Type  H <return>  for immediate help.
 ...                                              
                                                  
l.28 ...§èƒ½(CPU performance)çš„æœ¯è¯­æ¥è¡¨ç¤ºç”¨
                                                  æˆ·CPUæ—¶é—´\\
You may provide a definition with
\DeclareUnicodeCharacter 


c:/Users/23767/LaTeX/è®¡ç®—æœºç»„æˆï¼šè½¯ç¡¬ä»¶æ¥å£/PCO.tex:28: LaTeX Error: Unicode character æˆ· (U+6237)
               not set up for use with LaTeX.

See the LaTeX manual or LaTeX Companion for explanation.
Type  H <return>  for immediate help.
 ...                                              
                                                  
l.28 ...½(CPU performance)çš„æœ¯è¯­æ¥è¡¨ç¤ºç”¨æˆ·
                                                  CPUæ—¶é—´\\
You may provide a definition with
\DeclareUnicodeCharacter 


c:/Users/23767/LaTeX/è®¡ç®—æœºç»„æˆï¼šè½¯ç¡¬ä»¶æ¥å£/PCO.tex:28: LaTeX Error: Unicode character æ—¶ (U+65F6)
               not set up for use with LaTeX.

See the LaTeX manual or LaTeX Companion for explanation.
Type  H <return>  for immediate help.
 ...                                              
                                                  
l.28 ...performance)çš„æœ¯è¯­æ¥è¡¨ç¤ºç”¨æˆ·CPUæ—¶
                                                  é—´\\
You may provide a definition with
\DeclareUnicodeCharacter 


c:/Users/23767/LaTeX/è®¡ç®—æœºç»„æˆï¼šè½¯ç¡¬ä»¶æ¥å£/PCO.tex:28: LaTeX Error: Unicode character é—´ (U+95F4)
               not set up for use with LaTeX.

See the LaTeX manual or LaTeX Companion for explanation.
Type  H <return>  for immediate help.
 ...                                              
                                                  
l.28 ...formance)çš„æœ¯è¯­æ¥è¡¨ç¤ºç”¨æˆ·CPUæ—¶é—´
                                                  \\
You may provide a definition with
\DeclareUnicodeCharacter 

c:/Users/23767/LaTeX/è®¡ç®—æœºç»„æˆï¼šè½¯ç¡¬ä»¶æ¥å£/PCO.tex:29: Undefined control sequence.
<recently read> \subsection 
                            
l.29 \subsection
                {ç›¸å…³å…¬å¼}
The control sequence at the end of the top line
of your error message was never \def'ed. If you have
misspelled it (e.g., `\hobx'), type `I' and the correct
spelling (e.g., `I\hbox'). Otherwise just continue,
and I'll forget about whatever was undefined.


c:/Users/23767/LaTeX/è®¡ç®—æœºç»„æˆï¼šè½¯ç¡¬ä»¶æ¥å£/PCO.tex:29: LaTeX Error: Unicode character ç›¸ (U+76F8)
               not set up for use with LaTeX.

See the LaTeX manual or LaTeX Companion for explanation.
Type  H <return>  for immediate help.
 ...                                              
                                                  
l.29 \subsection{ç›¸
                    å…³å…¬å¼}
You may provide a definition with
\DeclareUnicodeCharacter 


c:/Users/23767/LaTeX/è®¡ç®—æœºç»„æˆï¼šè½¯ç¡¬ä»¶æ¥å£/PCO.tex:29: LaTeX Error: Unicode character å…³ (U+5173)
               not set up for use with LaTeX.

See the LaTeX manual or LaTeX Companion for explanation.
Type  H <return>  for immediate help.
 ...                                              
                                                  
l.29 \subsection{ç›¸å…³
                       å…¬å¼}
You may provide a definition with
\DeclareUnicodeCharacter 


c:/Users/23767/LaTeX/è®¡ç®—æœºç»„æˆï¼šè½¯ç¡¬ä»¶æ¥å£/PCO.tex:29: LaTeX Error: Unicode character å…¬ (U+516C)
               not set up for use with LaTeX.

See the LaTeX manual or LaTeX Companion for explanation.
Type  H <return>  for immediate help.
 ...                                              
                                                  
l.29 \subsection{ç›¸å…³å…¬
                          å¼}
You may provide a definition with
\DeclareUnicodeCharacter 


c:/Users/23767/LaTeX/è®¡ç®—æœºç»„æˆï¼šè½¯ç¡¬ä»¶æ¥å£/PCO.tex:29: LaTeX Error: Unicode character å¼ (U+5F0F)
               not set up for use with LaTeX.

See the LaTeX manual or LaTeX Companion for explanation.
Type  H <return>  for immediate help.
 ...                                              
                                                  
l.29 \subsection{ç›¸å…³å…¬å¼
                             }
You may provide a definition with
\DeclareUnicodeCharacter 


Underfull \hbox (badness 10000) in paragraph at lines 25--30

 []

LaTeX Font Info:    External font `cmex10' loaded for size
(Font)              <7> on input line 30.
LaTeX Font Info:    External font `cmex10' loaded for size
(Font)              <5> on input line 30.

c:/Users/23767/LaTeX/è®¡ç®—æœºç»„æˆï¼šè½¯ç¡¬ä»¶æ¥å£/PCO.tex:31: LaTeX Error: Unicode character ç¨‹ (U+7A0B)
               not set up for use with LaTeX.

See the LaTeX manual or LaTeX Companion for explanation.
Type  H <return>  for immediate help.
 ...                                              
                                                  
l.31 \mbox{ç¨‹åºçš„CPUæ‰§è¡Œæ—¶é—´}
                                    =\mbox{ç¨‹åºçš„CPUæ—¶é’Ÿå‘¨æœŸæ•°}\time...
You may provide a definition with
\DeclareUnicodeCharacter 


c:/Users/23767/LaTeX/è®¡ç®—æœºç»„æˆï¼šè½¯ç¡¬ä»¶æ¥å£/PCO.tex:31: LaTeX Error: Unicode character åº (U+5E8F)
               not set up for use with LaTeX.

See the LaTeX manual or LaTeX Companion for explanation.
Type  H <return>  for immediate help.
 ...                                              
                                                  
l.31 \mbox{ç¨‹åºçš„CPUæ‰§è¡Œæ—¶é—´}
                                    =\mbox{ç¨‹åºçš„CPUæ—¶é’Ÿå‘¨æœŸæ•°}\time...
You may provide a definition with
\DeclareUnicodeCharacter 


c:/Users/23767/LaTeX/è®¡ç®—æœºç»„æˆï¼šè½¯ç¡¬ä»¶æ¥å£/PCO.tex:31: LaTeX Error: Unicode character çš„ (U+7684)
               not set up for use with LaTeX.

See the LaTeX manual or LaTeX Companion for explanation.
Type  H <return>  for immediate help.
 ...                                              
                                                  
l.31 \mbox{ç¨‹åºçš„CPUæ‰§è¡Œæ—¶é—´}
                                    =\mbox{ç¨‹åºçš„CPUæ—¶é’Ÿå‘¨æœŸæ•°}\time...
You may provide a definition with
\DeclareUnicodeCharacter 


c:/Users/23767/LaTeX/è®¡ç®—æœºç»„æˆï¼šè½¯ç¡¬ä»¶æ¥å£/PCO.tex:31: LaTeX Error: Unicode character æ‰§ (U+6267)
               not set up for use with LaTeX.

See the LaTeX manual or LaTeX Companion for explanation.
Type  H <return>  for immediate help.
 ...                                              
                                                  
l.31 \mbox{ç¨‹åºçš„CPUæ‰§è¡Œæ—¶é—´}
                                    =\mbox{ç¨‹åºçš„CPUæ—¶é’Ÿå‘¨æœŸæ•°}\time...
You may provide a definition with
\DeclareUnicodeCharacter 


c:/Users/23767/LaTeX/è®¡ç®—æœºç»„æˆï¼šè½¯ç¡¬ä»¶æ¥å£/PCO.tex:31: LaTeX Error: Unicode character è¡Œ (U+884C)
               not set up for use with LaTeX.

See the LaTeX manual or LaTeX Companion for explanation.
Type  H <return>  for immediate help.
 ...                                              
                                                  
l.31 \mbox{ç¨‹åºçš„CPUæ‰§è¡Œæ—¶é—´}
                                    =\mbox{ç¨‹åºçš„CPUæ—¶é’Ÿå‘¨æœŸæ•°}\time...
You may provide a definition with
\DeclareUnicodeCharacter 


c:/Users/23767/LaTeX/è®¡ç®—æœºç»„æˆï¼šè½¯ç¡¬ä»¶æ¥å£/PCO.tex:31: LaTeX Error: Unicode character æ—¶ (U+65F6)
               not set up for use with LaTeX.

See the LaTeX manual or LaTeX Companion for explanation.
Type  H <return>  for immediate help.
 ...                                              
                                                  
l.31 \mbox{ç¨‹åºçš„CPUæ‰§è¡Œæ—¶é—´}
                                    =\mbox{ç¨‹åºçš„CPUæ—¶é’Ÿå‘¨æœŸæ•°}\time...
You may provide a definition with
\DeclareUnicodeCharacter 


c:/Users/23767/LaTeX/è®¡ç®—æœºç»„æˆï¼šè½¯ç¡¬ä»¶æ¥å£/PCO.tex:31: LaTeX Error: Unicode character é—´ (U+95F4)
               not set up for use with LaTeX.

See the LaTeX manual or LaTeX Companion for explanation.
Type  H <return>  for immediate help.
 ...                                              
                                                  
l.31 \mbox{ç¨‹åºçš„CPUæ‰§è¡Œæ—¶é—´}
                                    =\mbox{ç¨‹åºçš„CPUæ—¶é’Ÿå‘¨æœŸæ•°}\time...
You may provide a definition with
\DeclareUnicodeCharacter 


c:/Users/23767/LaTeX/è®¡ç®—æœºç»„æˆï¼šè½¯ç¡¬ä»¶æ¥å£/PCO.tex:31: LaTeX Error: Unicode character ç¨‹ (U+7A0B)
               not set up for use with LaTeX.

See the LaTeX manual or LaTeX Companion for explanation.
Type  H <return>  for immediate help.
 ...                                              
                                                  
l.31 ...æ—¶é—´}=\mbox{ç¨‹åºçš„CPUæ—¶é’Ÿå‘¨æœŸæ•°}
                                                  \times\mbox{æ—¶é’Ÿå‘¨æœŸæ—...
You may provide a definition with
\DeclareUnicodeCharacter 


c:/Users/23767/LaTeX/è®¡ç®—æœºç»„æˆï¼šè½¯ç¡¬ä»¶æ¥å£/PCO.tex:31: LaTeX Error: Unicode character åº (U+5E8F)
               not set up for use with LaTeX.

See the LaTeX manual or LaTeX Companion for explanation.
Type  H <return>  for immediate help.
 ...                                              
                                                  
l.31 ...æ—¶é—´}=\mbox{ç¨‹åºçš„CPUæ—¶é’Ÿå‘¨æœŸæ•°}
                                                  \times\mbox{æ—¶é’Ÿå‘¨æœŸæ—...
You may provide a definition with
\DeclareUnicodeCharacter 


c:/Users/23767/LaTeX/è®¡ç®—æœºç»„æˆï¼šè½¯ç¡¬ä»¶æ¥å£/PCO.tex:31: LaTeX Error: Unicode character çš„ (U+7684)
               not set up for use with LaTeX.

See the LaTeX manual or LaTeX Companion for explanation.
Type  H <return>  for immediate help.
 ...                                              
                                                  
l.31 ...æ—¶é—´}=\mbox{ç¨‹åºçš„CPUæ—¶é’Ÿå‘¨æœŸæ•°}
                                                  \times\mbox{æ—¶é’Ÿå‘¨æœŸæ—...
You may provide a definition with
\DeclareUnicodeCharacter 


c:/Users/23767/LaTeX/è®¡ç®—æœºç»„æˆï¼šè½¯ç¡¬ä»¶æ¥å£/PCO.tex:31: LaTeX Error: Unicode character æ—¶ (U+65F6)
               not set up for use with LaTeX.

See the LaTeX manual or LaTeX Companion for explanation.
Type  H <return>  for immediate help.
 ...                                              
                                                  
l.31 ...æ—¶é—´}=\mbox{ç¨‹åºçš„CPUæ—¶é’Ÿå‘¨æœŸæ•°}
                                                  \times\mbox{æ—¶é’Ÿå‘¨æœŸæ—...
You may provide a definition with
\DeclareUnicodeCharacter 


c:/Users/23767/LaTeX/è®¡ç®—æœºç»„æˆï¼šè½¯ç¡¬ä»¶æ¥å£/PCO.tex:31: LaTeX Error: Unicode character é’Ÿ (U+949F)
               not set up for use with LaTeX.

See the LaTeX manual or LaTeX Companion for explanation.
Type  H <return>  for immediate help.
 ...                                              
                                                  
l.31 ...æ—¶é—´}=\mbox{ç¨‹åºçš„CPUæ—¶é’Ÿå‘¨æœŸæ•°}
                                                  \times\mbox{æ—¶é’Ÿå‘¨æœŸæ—...
You may provide a definition with
\DeclareUnicodeCharacter 


c:/Users/23767/LaTeX/è®¡ç®—æœºç»„æˆï¼šè½¯ç¡¬ä»¶æ¥å£/PCO.tex:31: LaTeX Error: Unicode character å‘¨ (U+5468)
               not set up for use with LaTeX.

See the LaTeX manual or LaTeX Companion for explanation.
Type  H <return>  for immediate help.
 ...                                              
                                                  
l.31 ...æ—¶é—´}=\mbox{ç¨‹åºçš„CPUæ—¶é’Ÿå‘¨æœŸæ•°}
                                                  \times\mbox{æ—¶é’Ÿå‘¨æœŸæ—...
You may provide a definition with
\DeclareUnicodeCharacter 


c:/Users/23767/LaTeX/è®¡ç®—æœºç»„æˆï¼šè½¯ç¡¬ä»¶æ¥å£/PCO.tex:31: LaTeX Error: Unicode character æœŸ (U+671F)
               not set up for use with LaTeX.

See the LaTeX manual or LaTeX Companion for explanation.
Type  H <return>  for immediate help.
 ...                                              
                                                  
l.31 ...æ—¶é—´}=\mbox{ç¨‹åºçš„CPUæ—¶é’Ÿå‘¨æœŸæ•°}
                                                  \times\mbox{æ—¶é’Ÿå‘¨æœŸæ—...
You may provide a definition with
\DeclareUnicodeCharacter 


c:/Users/23767/LaTeX/è®¡ç®—æœºç»„æˆï¼šè½¯ç¡¬ä»¶æ¥å£/PCO.tex:31: LaTeX Error: Unicode character æ•° (U+6570)
               not set up for use with LaTeX.

See the LaTeX manual or LaTeX Companion for explanation.
Type  H <return>  for immediate help.
 ...                                              
                                                  
l.31 ...æ—¶é—´}=\mbox{ç¨‹åºçš„CPUæ—¶é’Ÿå‘¨æœŸæ•°}
                                                  \times\mbox{æ—¶é’Ÿå‘¨æœŸæ—...
You may provide a definition with
\DeclareUnicodeCharacter 


c:/Users/23767/LaTeX/è®¡ç®—æœºç»„æˆï¼šè½¯ç¡¬ä»¶æ¥å£/PCO.tex:31: LaTeX Error: Unicode character æ—¶ (U+65F6)
               not set up for use with LaTeX.

See the LaTeX manual or LaTeX Companion for explanation.
Type  H <return>  for immediate help.
 ...                                              
                                                  
l.31 ...Ÿå‘¨æœŸæ•°}\times\mbox{æ—¶é’Ÿå‘¨æœŸæ—¶é—´}
                                                  
You may provide a definition with
\DeclareUnicodeCharacter 


c:/Users/23767/LaTeX/è®¡ç®—æœºç»„æˆï¼šè½¯ç¡¬ä»¶æ¥å£/PCO.tex:31: LaTeX Error: Unicode character é’Ÿ (U+949F)
               not set up for use with LaTeX.

See the LaTeX manual or LaTeX Companion for explanation.
Type  H <return>  for immediate help.
 ...                                              
                                                  
l.31 ...Ÿå‘¨æœŸæ•°}\times\mbox{æ—¶é’Ÿå‘¨æœŸæ—¶é—´}
                                                  
You may provide a definition with
\DeclareUnicodeCharacter 


c:/Users/23767/LaTeX/è®¡ç®—æœºç»„æˆï¼šè½¯ç¡¬ä»¶æ¥å£/PCO.tex:31: LaTeX Error: Unicode character å‘¨ (U+5468)
               not set up for use with LaTeX.

See the LaTeX manual or LaTeX Companion for explanation.
Type  H <return>  for immediate help.
 ...                                              
                                                  
l.31 ...Ÿå‘¨æœŸæ•°}\times\mbox{æ—¶é’Ÿå‘¨æœŸæ—¶é—´}
                                                  
You may provide a definition with
\DeclareUnicodeCharacter 


c:/Users/23767/LaTeX/è®¡ç®—æœºç»„æˆï¼šè½¯ç¡¬ä»¶æ¥å£/PCO.tex:31: LaTeX Error: Unicode character æœŸ (U+671F)
               not set up for use with LaTeX.

See the LaTeX manual or LaTeX Companion for explanation.
Type  H <return>  for immediate help.
 ...                                              
                                                  
l.31 ...Ÿå‘¨æœŸæ•°}\times\mbox{æ—¶é’Ÿå‘¨æœŸæ—¶é—´}
                                                  
You may provide a definition with
\DeclareUnicodeCharacter 


c:/Users/23767/LaTeX/è®¡ç®—æœºç»„æˆï¼šè½¯ç¡¬ä»¶æ¥å£/PCO.tex:31: LaTeX Error: Unicode character æ—¶ (U+65F6)
               not set up for use with LaTeX.

See the LaTeX manual or LaTeX Companion for explanation.
Type  H <return>  for immediate help.
 ...                                              
                                                  
l.31 ...Ÿå‘¨æœŸæ•°}\times\mbox{æ—¶é’Ÿå‘¨æœŸæ—¶é—´}
                                                  
You may provide a definition with
\DeclareUnicodeCharacter 


c:/Users/23767/LaTeX/è®¡ç®—æœºç»„æˆï¼šè½¯ç¡¬ä»¶æ¥å£/PCO.tex:31: LaTeX Error: Unicode character é—´ (U+95F4)
               not set up for use with LaTeX.

See the LaTeX manual or LaTeX Companion for explanation.
Type  H <return>  for immediate help.
 ...                                              
                                                  
l.31 ...Ÿå‘¨æœŸæ•°}\times\mbox{æ—¶é’Ÿå‘¨æœŸæ—¶é—´}
                                                  
You may provide a definition with
\DeclareUnicodeCharacter 


c:/Users/23767/LaTeX/è®¡ç®—æœºç»„æˆï¼šè½¯ç¡¬ä»¶æ¥å£/PCO.tex:34: LaTeX Error: Unicode character ç¨‹ (U+7A0B)
               not set up for use with LaTeX.

See the LaTeX manual or LaTeX Companion for explanation.
Type  H <return>  for immediate help.
 ...                                              
                                                  
l.34 \mbox{ç¨‹åºçš„CPUæ‰§è¡Œæ—¶é—´}
                                    =\mbox{ç¨‹åºçš„CPUæ—¶é’Ÿå‘¨æœŸæ•°}/\mbo...
You may provide a definition with
\DeclareUnicodeCharacter 


c:/Users/23767/LaTeX/è®¡ç®—æœºç»„æˆï¼šè½¯ç¡¬ä»¶æ¥å£/PCO.tex:34: LaTeX Error: Unicode character åº (U+5E8F)
               not set up for use with LaTeX.

See the LaTeX manual or LaTeX Companion for explanation.
Type  H <return>  for immediate help.
 ...                                              
                                                  
l.34 \mbox{ç¨‹åºçš„CPUæ‰§è¡Œæ—¶é—´}
                                    =\mbox{ç¨‹åºçš„CPUæ—¶é’Ÿå‘¨æœŸæ•°}/\mbo...
(That makes 100 errors; please try again.) 
Here is how much of TeX's memory you used:
 254 strings out of 478268
 5616 string characters out of 5850345
 294165 words of memory out of 5000000
 18554 multiletter control sequences out of 15000+600000
 469427 words of font info for 29 fonts, out of 8000000 for 9000
 1141 hyphenation exceptions out of 8191
 24i,2n,34p,193b,66s stack positions out of 10000i,1000n,20000p,200000b,200000s

c:/Users/23767/LaTeX/è®¡ç®—æœºç»„æˆï¼šè½¯ç¡¬ä»¶æ¥å£/PCO.tex:34:  ==> Fatal error occurred, no output PDF file produced!
